<?xml version="1.0" encoding="UTF-8"?>
<!-- Generated by org.testng.reporters.JUnitXMLReporter -->
<testsuite ignored="0" hostname="Naren" failures="0" tests="3" name="ChromeTest" time="18.101" errors="0" timestamp="2025-09-21T11:33:24 IST">
  <testcase classname="TestCases.TestCase1" name="googleTest" time="1.838"/>
  <testcase classname="TestCases.TestCase1" name="googleTest1" time="1.626"/>
  <testcase classname="TestCases.TestCase2" name="facebooktest" time="1.696"/>
</testsuite> <!-- ChromeTest -->
