<?xml version="1.0" encoding="UTF-8"?>
<!-- Generated by org.testng.reporters.JUnitXMLReporter -->
<testsuite ignored="2" hostname="Naren" failures="0" tests="3" name="FirefoxTest" time="33.001" errors="0" timestamp="2025-10-06T10:48:04 IST">
  <testcase classname="TestCases.TestCase1" name="googleTest" time="2.138"/>
  <testcase classname="TestCases.TestCase1" name="googleTest1" time="1.499"/>
  <testcase classname="TestCases.TestCase2" name="facebooktest" time="1.49"/>
  <testcase classname="TestCases.BaseClass" name="@AfterSuite suiteTeardown" time="0.0">
    <ignored/>
  </testcase> <!-- @AfterSuite suiteTeardown -->
  <testcase classname="TestCases.BaseClass" name="@BeforeSuite suiteSetup" time="0.0">
    <ignored/>
  </testcase> <!-- @BeforeSuite suiteSetup -->
</testsuite> <!-- FirefoxTest -->
