<?xml version="1.0" encoding="UTF-8"?>
<!-- Generated by org.testng.reporters.JUnitXMLReporter -->
<testsuite ignored="0" hostname="Naren" failures="0" tests="3" name="FirefoxTest" time="21.524" errors="0" timestamp="2025-08-20T20:35:53 IST">
  <testcase classname="TestCases.TestCase1" name="googleTest" time="1.845"/>
  <testcase classname="TestCases.TestCase1" name="googleTest1" time="1.331"/>
  <testcase classname="TestCases.TestCase2" name="facebooktest" time="2.546"/>
</testsuite> <!-- FirefoxTest -->
