<?xml version="1.0" encoding="UTF-8"?>
<testng-results ignored="0" total="1" passed="1" failed="0" skipped="0">
  <reporter-output>
  </reporter-output>
  <suite started-at="2025-08-05T14:19:07 IST" name="Default suite" finished-at="2025-08-05T14:19:14 IST" duration-ms="6916">
    <groups>
    </groups>
    <test started-at="2025-08-05T14:19:07 IST" name="Default test" finished-at="2025-08-05T14:19:14 IST" duration-ms="6916">
      <class name="TestCases.TestCase7">
        <test-method is-config="true" signature="launchbrower()[pri:0, instance:TestCases.TestCase7@292b08d6]" started-at="2025-08-05T14:19:07 IST" name="launchbrower" finished-at="2025-08-05T14:19:14 IST" duration-ms="6550" status="PASS">
          <reporter-output>
          </reporter-output>
        </test-method> <!-- launchbrower -->
        <test-method signature="windowHandleTest()[pri:0, instance:TestCases.TestCase7@292b08d6]" started-at="2025-08-05T14:19:14 IST" name="windowHandleTest" finished-at="2025-08-05T14:19:14 IST" duration-ms="47" status="PASS">
          <reporter-output>
          </reporter-output>
        </test-method> <!-- windowHandleTest -->
        <test-method is-config="true" signature="closebrowser()[pri:0, instance:TestCases.TestCase7@292b08d6]" started-at="2025-08-05T14:19:14 IST" name="closebrowser" finished-at="2025-08-05T14:19:14 IST" duration-ms="235" status="PASS">
          <reporter-output>
          </reporter-output>
        </test-method> <!-- closebrowser -->
      </class> <!-- TestCases.TestCase7 -->
    </test> <!-- Default test -->
  </suite> <!-- Default suite -->
</testng-results>
