<?xml version="1.0" encoding="UTF-8"?>
<testng-results ignored="0" total="1" passed="1" failed="0" skipped="0">
  <reporter-output>
  </reporter-output>
  <suite started-at="2025-10-04T10:43:35 IST" name="Default suite" finished-at="2025-10-04T10:43:50 IST" duration-ms="14576">
    <groups>
    </groups>
    <test started-at="2025-10-04T10:43:35 IST" name="Default test" finished-at="2025-10-04T10:43:50 IST" duration-ms="14576">
      <class name="TestCases.TestCase8">
        <test-method is-config="true" signature="launchbrower()[pri:0, instance:TestCases.TestCase8@3c41ed1d]" started-at="2025-10-04T10:43:35 IST" name="launchbrower" finished-at="2025-10-04T10:43:41 IST" duration-ms="6496" status="PASS">
          <reporter-output>
          </reporter-output>
        </test-method> <!-- launchbrower -->
        <test-method signature="windowHandleTest()[pri:0, instance:TestCases.TestCase8@3c41ed1d]" started-at="2025-10-04T10:43:42 IST" name="windowHandleTest" finished-at="2025-10-04T10:43:49 IST" duration-ms="7273" status="PASS">
          <reporter-output>
          </reporter-output>
        </test-method> <!-- windowHandleTest -->
        <test-method is-config="true" signature="closebrowser()[pri:0, instance:TestCases.TestCase8@3c41ed1d]" started-at="2025-10-04T10:43:49 IST" name="closebrowser" finished-at="2025-10-04T10:43:50 IST" duration-ms="734" status="PASS">
          <reporter-output>
          </reporter-output>
        </test-method> <!-- closebrowser -->
      </class> <!-- TestCases.TestCase8 -->
    </test> <!-- Default test -->
  </suite> <!-- Default suite -->
</testng-results>
